<?xml version="1.0" encoding="UTF-8"?>
<testng-results skipped="0" failed="0" total="1" passed="1">
  <reporter-output>
  </reporter-output>
  <suite name="Default suite" duration-ms="122010" started-at="2016-01-22T09:27:17Z" finished-at="2016-01-22T09:29:19Z">
    <groups>
    </groups>
    <test name="Default test" duration-ms="122010" started-at="2016-01-22T09:27:17Z" finished-at="2016-01-22T09:29:19Z">
      <class name="test.NewTest">
        <test-method status="PASS" signature="testGoogleSearch()[pri:0, instance:test.NewTest@4563e9ab]" name="testGoogleSearch" duration-ms="121966" started-at="2016-01-22T17:27:17Z" finished-at="2016-01-22T17:29:19Z">
          <reporter-output>
          </reporter-output>
        </test-method> <!-- testGoogleSearch -->
      </class> <!-- test.NewTest -->
    </test> <!-- Default test -->
  </suite> <!-- Default suite -->
</testng-results>
